[root@pupa vagrant]# puppet agent --server pupm.minsk.epam.com -t
Info: Using configured environment 'production'
Info: Retrieving pluginfacts
Info: Retrieving plugin
Info: Loading facts
Info: Caching catalog for pupa.minsk.epam.com
Info: Applying configuration version '1474376421'
Notice: /Stage[main]/Ntp::Install/Package[ntp]/ensure: created
Notice: /Stage[main]/Ntp::Config/File[/etc/ntp.conf]/content: 
--- /etc/ntp.conf	2016-05-03 16:09:24.000000000 +0100
+++ /tmp/puppet-file20160920-19214-1jrlxz0	2016-09-20 14:00:25.055007038 +0100
@@ -1,53 +1,40 @@
-# For more information about this file, see the man pages
-# ntp.conf(5), ntp_acc(5), ntp_auth(5), ntp_clock(5), ntp_misc(5), ntp_mon(5).
+# ntp.conf: Managed by puppet.
+#
+# Enable next tinker options:
+# panic - keep ntpd from panicking in the event of a large clock skew
+# when a VM guest is suspended and resumed;
+# stepout - allow ntpd change offset faster
+tinker panic 0
 
-driftfile /var/lib/ntp/drift
+disable monitor
 
 # Permit time synchronization with our time source, but do not
 # permit the source to query or modify the service on this system.
 restrict default kod nomodify notrap nopeer noquery
 restrict -6 default kod nomodify notrap nopeer noquery
-
-# Permit all access over the loopback interface.  This could
-# be tightened as well, but to do so would effect some of
-# the administrative functions.
-restrict 127.0.0.1 
+restrict 127.0.0.1
 restrict -6 ::1
 
-# Hosts on local network are less restricted.
-#restrict 192.168.1.0 mask 255.255.255.0 nomodify notrap
 
-# Use public servers from the pool.ntp.org project.
-# Please consider joining the pool (http://www.pool.ntp.org/join.html).
-server 0.centos.pool.ntp.org iburst
-server 1.centos.pool.ntp.org iburst
-server 2.centos.pool.ntp.org iburst
-server 3.centos.pool.ntp.org iburst
-
-#broadcast 192.168.1.255 autokey	# broadcast server
-#broadcastclient			# broadcast client
-#broadcast 224.0.1.1 autokey		# multicast server
-#multicastclient 224.0.1.1		# multicast client
-#manycastserver 239.255.254.254		# manycast server
-#manycastclient 239.255.254.254 autokey # manycast client
-
-# Enable public key cryptography.
-#crypto
-
-includefile /etc/ntp/crypto/pw
-
-# Key file containing the keys and key identifiers used when operating
-# with symmetric key cryptography. 
-keys /etc/ntp/keys
-
-# Specify the key identifiers which are trusted.
-#trustedkey 4 8 42
 
-# Specify the key identifier to use with the ntpdc utility.
-#requestkey 8
+# Set up servers for ntpd with next options:
+# server - IP address or DNS name of upstream NTP server
+# iburst - allow send sync packages faster if upstream unavailable
+# prefer - select preferrable server
+# minpoll - set minimal update frequency
+# maxpoll - set maximal update frequency
+server nist-time-server.eoni.com
+server nist1-lv.ustiming.org
+server ntp-nist.ldsbc.edu
+
+
+# Driftfile.
+driftfile /var/lib/ntp/drift
+
+
+
+
+
+
 
-# Specify the key identifier to use with the ntpq utility.
-#controlkey 8
 
-# Enable writing of statistics records.
-#statistics clockstats cryptostats loopstats peerstats

Info: Computing checksum on file /etc/ntp.conf
Info: /Stage[main]/Ntp::Config/File[/etc/ntp.conf]: Filebucketed /etc/ntp.conf to puppet with sum 7fda24f62b1c7ae951db0f746dc6e0cc
Notice: /Stage[main]/Ntp::Config/File[/etc/ntp.conf]/content: content changed '{md5}7fda24f62b1c7ae951db0f746dc6e0cc' to '{md5}605b84306837e0c082c8ad36fbb2fbdf'
Info: Class[Ntp::Config]: Scheduling refresh of Class[Ntp::Service]
Info: Class[Ntp::Service]: Scheduling refresh of Service[ntp]
Notice: /Stage[main]/Ntp::Service/Service[ntp]/ensure: ensure changed 'stopped' to 'running'
Info: /Stage[main]/Ntp::Service/Service[ntp]: Unscheduling refresh on Service[ntp]
Notice: Applied catalog in 1.77 seconds

